<?xml version="1.0" encoding="UTF-8"?>
<!-- Generated by org.testng.reporters.JUnitXMLReporter -->
<testsuite hostname="EN310300" failures="1" tests="8" name="Surefire test" time="37.095" errors="0" timestamp="24 Jan 2020 13:16:10 GMT">
  <testcase classname="com.zeroWebAppSecurity.test.AccountActivityModelTest" name="shouldBeAbleToReadFromAccountActivityTable" time="0.742"/>
  <testcase classname="com.zeroWebAppSecurity.test.AccountActivityModelTest" name="shouldBeAbleToReadFromAccountActivityTableWithDataProvider" time="0.0">
    <skipped/>
  </testcase> <!-- shouldBeAbleToReadFromAccountActivityTableWithDataProvider -->
  <testcase classname="com.zeroWebAppSecurity.test.ConvertCurrenciesTest" name="shouldNotBeAbleToConvertCurrencyIfThereIsNoAmount" time="0.417"/>
  <testcase classname="com.zeroWebAppSecurity.test.ConvertCurrenciesTest" name="shouldNotBeAbleToConvertIfCurrencyIfNotSelected" time="0.547">
    <failure type="org.openqa.selenium.NoAlertPresentException" message="no such alert
  (Session info: chrome=79.0.3945.130)
  (Driver info: chromedriver=2.40.565498 (ea082db3280dd6843ebfb08a625e3eb905c4f5ab),platform=Windows NT 10.0.17763 x86_64) (WARNING: The server did not provide any stacktrace information)
Command duration or timeout: 0 milliseconds
Build info: version: &amp;apos;3.11.0&amp;apos;, revision: &amp;apos;e59cfb3&amp;apos;, time: &amp;apos;2018-03-11T20:26:55.152Z&amp;apos;
System info: host: &amp;apos;EN310300&amp;apos;, ip: &amp;apos;172.17.75.71&amp;apos;, os.name: &amp;apos;Windows 10&amp;apos;, os.arch: &amp;apos;amd64&amp;apos;, os.version: &amp;apos;10.0&amp;apos;, java.version: &amp;apos;11.0.5&amp;apos;
Driver info: org.openqa.selenium.chrome.ChromeDriver
Capabilities {acceptInsecureCerts: false, acceptSslCerts: false, applicationCacheEnabled: false, browserConnectionEnabled: false, browserName: chrome, chrome: {chromedriverVersion: 2.40.565498 (ea082db3280dd6..., userDataDir: C:\Users\SMILAN~1\AppData\L...}, cssSelectorsEnabled: true, databaseEnabled: false, handlesAlerts: true, hasTouchScreen: false, javascriptEnabled: true, locationContextEnabled: true, mobileEmulationEnabled: false, nativeEvents: true, networkConnectionEnabled: false, pageLoadStrategy: normal, platform: XP, platformName: XP, rotatable: false, setWindowRect: true, takesHeapSnapshot: true, takesScreenshot: true, unexpectedAlertBehaviour: , unhandledPromptBehavior: , version: 79.0.3945.130, webStorageEnabled: true}
Session ID: fa1f0cd5ac6615e370f4d252bffa55b9">
      <![CDATA[org.openqa.selenium.NoAlertPresentException: no such alert
  (Session info: chrome=79.0.3945.130)
  (Driver info: chromedriver=2.40.565498 (ea082db3280dd6843ebfb08a625e3eb905c4f5ab),platform=Windows NT 10.0.17763 x86_64) (WARNING: The server did not provide any stacktrace information)
Command duration or timeout: 0 milliseconds
Build info: version: '3.11.0', revision: 'e59cfb3', time: '2018-03-11T20:26:55.152Z'
System info: host: 'EN310300', ip: '172.17.75.71', os.name: 'Windows 10', os.arch: 'amd64', os.version: '10.0', java.version: '11.0.5'
Driver info: org.openqa.selenium.chrome.ChromeDriver
Capabilities {acceptInsecureCerts: false, acceptSslCerts: false, applicationCacheEnabled: false, browserConnectionEnabled: false, browserName: chrome, chrome: {chromedriverVersion: 2.40.565498 (ea082db3280dd6..., userDataDir: C:\Users\SMILAN~1\AppData\L...}, cssSelectorsEnabled: true, databaseEnabled: false, handlesAlerts: true, hasTouchScreen: false, javascriptEnabled: true, locationContextEnabled: true, mobileEmulationEnabled: false, nativeEvents: true, networkConnectionEnabled: false, pageLoadStrategy: normal, platform: XP, platformName: XP, rotatable: false, setWindowRect: true, takesHeapSnapshot: true, takesScreenshot: true, unexpectedAlertBehaviour: , unhandledPromptBehavior: , version: 79.0.3945.130, webStorageEnabled: true}
Session ID: fa1f0cd5ac6615e370f4d252bffa55b9
	at org.openqa.selenium.remote.ErrorHandler.createThrowable(ErrorHandler.java:214)
	at org.openqa.selenium.remote.ErrorHandler.throwIfResponseFailed(ErrorHandler.java:166)
	at org.openqa.selenium.remote.http.JsonHttpResponseCodec.reconstructValue(JsonHttpResponseCodec.java:40)
	at org.openqa.selenium.remote.http.AbstractHttpResponseCodec.decode(AbstractHttpResponseCodec.java:80)
	at org.openqa.selenium.remote.http.AbstractHttpResponseCodec.decode(AbstractHttpResponseCodec.java:44)
	at org.openqa.selenium.remote.HttpCommandExecutor.execute(HttpCommandExecutor.java:158)
	at org.openqa.selenium.remote.service.DriverCommandExecutor.execute(DriverCommandExecutor.java:83)
	at org.openqa.selenium.remote.RemoteWebDriver.execute(RemoteWebDriver.java:545)
	at org.openqa.selenium.remote.RemoteWebDriver.execute(RemoteWebDriver.java:602)
	at org.openqa.selenium.remote.RemoteWebDriver$RemoteTargetLocator.alert(RemoteWebDriver.java:931)
	at com.zeroWebAppSecurity.pages.PayBillsPage.getTextFromAlert(PayBillsPage.java:70)
	at com.zeroWebAppSecurity.test.ConvertCurrenciesTest.shouldNotBeAbleToConvertIfCurrencyIfNotSelected(ConvertCurrenciesTest.java:56)
... Removed 32 stack frames]]>
    </failure>
  </testcase> <!-- shouldNotBeAbleToConvertIfCurrencyIfNotSelected -->
  <testcase classname="com.zeroWebAppSecurity.test.ConvertCurrenciesTest" name="shouldConvertCanadianDollarToUSDollar" time="0.383"/>
  <testcase classname="com.zeroWebAppSecurity.test.TransferFundsPageTest" name="shouldBeAbleToTransferFundsFromOneAccountToOther" time="1.913"/>
  <testcase classname="com.zeroWebAppSecurity.test.TransferFundsPageTest" name="shouldNotBeAbleToTransferFundsFromAccountWithBalanceInMinus" time="1.767"/>
  <testcase classname="com.zeroWebAppSecurity.test.TransferFundsPageTest" name="shouldNotBeAbleToTransferMoreMoneyThanTheAccountHas" time="1.717"/>
</testsuite> <!-- Surefire test -->
