<?xml version="1.0" encoding="UTF-8"?>
<testng-results total="8" passed="6" failed="1" skipped="1">
  <reporter-output>
  </reporter-output>
  <suite started-at="2020-01-24T13:15:33Z" name="Surefire suite" finished-at="2020-01-24T13:16:10Z" duration-ms="37095">
    <groups>
    </groups>
    <test started-at="2020-01-24T13:15:33Z" name="Surefire test" finished-at="2020-01-24T13:16:10Z" duration-ms="37095">
      <class name="com.zeroWebAppSecurity.test.TransferFundsPageTest">
        <test-method signature="shouldBeAbleToTransferFundsFromOneAccountToOther()[pri:0, instance:com.zeroWebAppSecurity.test.TransferFundsPageTest@3bead518]" started-at="2020-01-24T14:16:02Z" name="shouldBeAbleToTransferFundsFromOneAccountToOther" finished-at="2020-01-24T14:16:04Z" duration-ms="1913" status="PASS">
          <reporter-output>
          </reporter-output>
        </test-method> <!-- shouldBeAbleToTransferFundsFromOneAccountToOther -->
        <test-method signature="shouldNotBeAbleToTransferFundsFromAccountWithBalanceInMinus()[pri:0, instance:com.zeroWebAppSecurity.test.TransferFundsPageTest@3bead518]" started-at="2020-01-24T14:16:04Z" name="shouldNotBeAbleToTransferFundsFromAccountWithBalanceInMinus" finished-at="2020-01-24T14:16:06Z" duration-ms="1767" status="PASS">
          <reporter-output>
          </reporter-output>
        </test-method> <!-- shouldNotBeAbleToTransferFundsFromAccountWithBalanceInMinus -->
        <test-method signature="shouldNotBeAbleToTransferMoreMoneyThanTheAccountHas()[pri:0, instance:com.zeroWebAppSecurity.test.TransferFundsPageTest@3bead518]" started-at="2020-01-24T14:16:06Z" name="shouldNotBeAbleToTransferMoreMoneyThanTheAccountHas" finished-at="2020-01-24T14:16:08Z" duration-ms="1717" status="PASS">
          <reporter-output>
          </reporter-output>
        </test-method> <!-- shouldNotBeAbleToTransferMoreMoneyThanTheAccountHas -->
      </class> <!-- com.zeroWebAppSecurity.test.TransferFundsPageTest -->
      <class name="com.zeroWebAppSecurity.test.AccountActivityModelTest">
        <test-method is-config="true" signature="setUp()[pri:0, instance:com.zeroWebAppSecurity.test.AccountActivityModelTest@36dfbdaf]" started-at="2020-01-24T14:15:33Z" name="setUp" finished-at="2020-01-24T14:15:44Z" duration-ms="11261" status="PASS">
          <reporter-output>
          </reporter-output>
        </test-method> <!-- setUp -->
        <test-method is-config="true" signature="setUp()[pri:0, instance:com.zeroWebAppSecurity.test.ConvertCurrenciesTest@5cdf39b2]" started-at="2020-01-24T14:15:44Z" name="setUp" finished-at="2020-01-24T14:15:53Z" duration-ms="8795" status="PASS">
          <reporter-output>
          </reporter-output>
        </test-method> <!-- setUp -->
        <test-method is-config="true" signature="setUp()[pri:0, instance:com.zeroWebAppSecurity.test.TransferFundsPageTest@3bead518]" started-at="2020-01-24T14:15:53Z" name="setUp" finished-at="2020-01-24T14:16:00Z" duration-ms="7193" status="PASS">
          <reporter-output>
          </reporter-output>
        </test-method> <!-- setUp -->
        <test-method signature="shouldBeAbleToReadFromAccountActivityTable()[pri:0, instance:com.zeroWebAppSecurity.test.AccountActivityModelTest@36dfbdaf]" started-at="2020-01-24T14:16:00Z" name="shouldBeAbleToReadFromAccountActivityTable" description="Should be able to read the first row ofthe account activity table." finished-at="2020-01-24T14:16:01Z" duration-ms="742" status="PASS">
          <reporter-output>
          </reporter-output>
        </test-method> <!-- shouldBeAbleToReadFromAccountActivityTable -->
        <test-method signature="shouldBeAbleToReadFromAccountActivityTableWithDataProvider(java.lang.String)[pri:0, instance:com.zeroWebAppSecurity.test.AccountActivityModelTest@36dfbdaf]" started-at="2020-01-24T14:16:01Z" name="shouldBeAbleToReadFromAccountActivityTableWithDataProvider" data-provider="accountActivityDataProvider" finished-at="2020-01-24T14:16:01Z" duration-ms="0" status="SKIP">
          <exception class="org.testng.TestNGException">
            <message>
              <![CDATA[
Method public void com.zeroWebAppSecurity.test.AccountActivityModelTest.shouldBeAbleToReadFromAccountActivityTableWithDataProvider(java.lang.String) requires a @DataProvider named : accountActivityDataProvider in class com.zeroWebAppSecurity.Data.DataProviders.AccountAcitivityDataProvider]]>
            </message>
            <full-stacktrace>
              <![CDATA[org.testng.TestNGException: 
Method public void com.zeroWebAppSecurity.test.AccountActivityModelTest.shouldBeAbleToReadFromAccountActivityTableWithDataProvider(java.lang.String) requires a @DataProvider named : accountActivityDataProvider in class com.zeroWebAppSecurity.Data.DataProviders.AccountAcitivityDataProvider
	at org.testng.internal.Parameters.findDataProvider(Parameters.java:263)
	at org.testng.internal.Parameters.handleParameters(Parameters.java:419)
	at org.testng.internal.Invoker.handleParameters(Invoker.java:1277)
	at org.testng.internal.Invoker.createParameters(Invoker.java:992)
	at org.testng.internal.Invoker.invokeTestMethods(Invoker.java:1082)
	at org.testng.internal.TestMethodWorker.invokeTestMethods(TestMethodWorker.java:125)
	at org.testng.internal.TestMethodWorker.run(TestMethodWorker.java:108)
	at org.testng.TestRunner.privateRun(TestRunner.java:773)
	at org.testng.TestRunner.run(TestRunner.java:623)
	at org.testng.SuiteRunner.runTest(SuiteRunner.java:357)
	at org.testng.SuiteRunner.runSequentially(SuiteRunner.java:352)
	at org.testng.SuiteRunner.privateRun(SuiteRunner.java:310)
	at org.testng.SuiteRunner.run(SuiteRunner.java:259)
	at org.testng.SuiteRunnerWorker.runSuite(SuiteRunnerWorker.java:52)
	at org.testng.SuiteRunnerWorker.run(SuiteRunnerWorker.java:86)
	at org.testng.TestNG.runSuitesSequentially(TestNG.java:1185)
	at org.testng.TestNG.runSuitesLocally(TestNG.java:1110)
	at org.testng.TestNG.run(TestNG.java:1018)
	at org.apache.maven.surefire.testng.TestNGExecutor.run(TestNGExecutor.java:135)
	at org.apache.maven.surefire.testng.TestNGDirectoryTestSuite.executeMulti(TestNGDirectoryTestSuite.java:193)
	at org.apache.maven.surefire.testng.TestNGDirectoryTestSuite.execute(TestNGDirectoryTestSuite.java:94)
	at org.apache.maven.surefire.testng.TestNGProvider.invoke(TestNGProvider.java:146)
	at org.apache.maven.surefire.booter.ForkedBooter.invokeProviderInSameClassLoader(ForkedBooter.java:386)
	at org.apache.maven.surefire.booter.ForkedBooter.runSuitesInProcess(ForkedBooter.java:323)
	at org.apache.maven.surefire.booter.ForkedBooter.main(ForkedBooter.java:143)
]]>
            </full-stacktrace>
          </exception> <!-- org.testng.TestNGException -->
          <reporter-output>
          </reporter-output>
        </test-method> <!-- shouldBeAbleToReadFromAccountActivityTableWithDataProvider -->
        <test-method is-config="true" signature="closeDriver()[pri:0, instance:com.zeroWebAppSecurity.test.AccountActivityModelTest@36dfbdaf]" started-at="2020-01-24T14:16:08Z" name="closeDriver" finished-at="2020-01-24T14:16:08Z" duration-ms="645" status="PASS">
          <reporter-output>
          </reporter-output>
        </test-method> <!-- closeDriver -->
        <test-method is-config="true" signature="closeDriver()[pri:0, instance:com.zeroWebAppSecurity.test.ConvertCurrenciesTest@5cdf39b2]" started-at="2020-01-24T14:16:08Z" name="closeDriver" finished-at="2020-01-24T14:16:09Z" duration-ms="816" status="PASS">
          <reporter-output>
          </reporter-output>
        </test-method> <!-- closeDriver -->
        <test-method is-config="true" signature="closeDriver()[pri:0, instance:com.zeroWebAppSecurity.test.TransferFundsPageTest@3bead518]" started-at="2020-01-24T14:16:09Z" name="closeDriver" finished-at="2020-01-24T14:16:10Z" duration-ms="716" status="PASS">
          <reporter-output>
          </reporter-output>
        </test-method> <!-- closeDriver -->
      </class> <!-- com.zeroWebAppSecurity.test.AccountActivityModelTest -->
      <class name="com.zeroWebAppSecurity.test.ConvertCurrenciesTest">
        <test-method signature="shouldNotBeAbleToConvertCurrencyIfThereIsNoAmount()[pri:0, instance:com.zeroWebAppSecurity.test.ConvertCurrenciesTest@5cdf39b2]" started-at="2020-01-24T14:16:01Z" name="shouldNotBeAbleToConvertCurrencyIfThereIsNoAmount" finished-at="2020-01-24T14:16:01Z" duration-ms="417" status="PASS">
          <reporter-output>
          </reporter-output>
        </test-method> <!-- shouldNotBeAbleToConvertCurrencyIfThereIsNoAmount -->
        <test-method signature="shouldNotBeAbleToConvertIfCurrencyIfNotSelected()[pri:0, instance:com.zeroWebAppSecurity.test.ConvertCurrenciesTest@5cdf39b2]" started-at="2020-01-24T14:16:01Z" name="shouldNotBeAbleToConvertIfCurrencyIfNotSelected" finished-at="2020-01-24T14:16:02Z" duration-ms="547" status="FAIL">
          <exception class="org.openqa.selenium.NoAlertPresentException">
            <message>
              <![CDATA[no such alert
  (Session info: chrome=79.0.3945.130)
  (Driver info: chromedriver=2.40.565498 (ea082db3280dd6843ebfb08a625e3eb905c4f5ab),platform=Windows NT 10.0.17763 x86_64) (WARNING: The server did not provide any stacktrace information)
Command duration or timeout: 0 milliseconds
Build info: version: '3.11.0', revision: 'e59cfb3', time: '2018-03-11T20:26:55.152Z'
System info: host: 'EN310300', ip: '172.17.75.71', os.name: 'Windows 10', os.arch: 'amd64', os.version: '10.0', java.version: '11.0.5'
Driver info: org.openqa.selenium.chrome.ChromeDriver
Capabilities {acceptInsecureCerts: false, acceptSslCerts: false, applicationCacheEnabled: false, browserConnectionEnabled: false, browserName: chrome, chrome: {chromedriverVersion: 2.40.565498 (ea082db3280dd6..., userDataDir: C:\Users\SMILAN~1\AppData\L...}, cssSelectorsEnabled: true, databaseEnabled: false, handlesAlerts: true, hasTouchScreen: false, javascriptEnabled: true, locationContextEnabled: true, mobileEmulationEnabled: false, nativeEvents: true, networkConnectionEnabled: false, pageLoadStrategy: normal, platform: XP, platformName: XP, rotatable: false, setWindowRect: true, takesHeapSnapshot: true, takesScreenshot: true, unexpectedAlertBehaviour: , unhandledPromptBehavior: , version: 79.0.3945.130, webStorageEnabled: true}
Session ID: fa1f0cd5ac6615e370f4d252bffa55b9]]>
            </message>
            <full-stacktrace>
              <![CDATA[org.openqa.selenium.NoAlertPresentException: no such alert
  (Session info: chrome=79.0.3945.130)
  (Driver info: chromedriver=2.40.565498 (ea082db3280dd6843ebfb08a625e3eb905c4f5ab),platform=Windows NT 10.0.17763 x86_64) (WARNING: The server did not provide any stacktrace information)
Command duration or timeout: 0 milliseconds
Build info: version: '3.11.0', revision: 'e59cfb3', time: '2018-03-11T20:26:55.152Z'
System info: host: 'EN310300', ip: '172.17.75.71', os.name: 'Windows 10', os.arch: 'amd64', os.version: '10.0', java.version: '11.0.5'
Driver info: org.openqa.selenium.chrome.ChromeDriver
Capabilities {acceptInsecureCerts: false, acceptSslCerts: false, applicationCacheEnabled: false, browserConnectionEnabled: false, browserName: chrome, chrome: {chromedriverVersion: 2.40.565498 (ea082db3280dd6..., userDataDir: C:\Users\SMILAN~1\AppData\L...}, cssSelectorsEnabled: true, databaseEnabled: false, handlesAlerts: true, hasTouchScreen: false, javascriptEnabled: true, locationContextEnabled: true, mobileEmulationEnabled: false, nativeEvents: true, networkConnectionEnabled: false, pageLoadStrategy: normal, platform: XP, platformName: XP, rotatable: false, setWindowRect: true, takesHeapSnapshot: true, takesScreenshot: true, unexpectedAlertBehaviour: , unhandledPromptBehavior: , version: 79.0.3945.130, webStorageEnabled: true}
Session ID: fa1f0cd5ac6615e370f4d252bffa55b9
	at java.base/jdk.internal.reflect.NativeConstructorAccessorImpl.newInstance0(Native Method)
	at java.base/jdk.internal.reflect.NativeConstructorAccessorImpl.newInstance(NativeConstructorAccessorImpl.java:62)
	at java.base/jdk.internal.reflect.DelegatingConstructorAccessorImpl.newInstance(DelegatingConstructorAccessorImpl.java:45)
	at java.base/java.lang.reflect.Constructor.newInstance(Constructor.java:490)
	at org.openqa.selenium.remote.ErrorHandler.createThrowable(ErrorHandler.java:214)
	at org.openqa.selenium.remote.ErrorHandler.throwIfResponseFailed(ErrorHandler.java:166)
	at org.openqa.selenium.remote.http.JsonHttpResponseCodec.reconstructValue(JsonHttpResponseCodec.java:40)
	at org.openqa.selenium.remote.http.AbstractHttpResponseCodec.decode(AbstractHttpResponseCodec.java:80)
	at org.openqa.selenium.remote.http.AbstractHttpResponseCodec.decode(AbstractHttpResponseCodec.java:44)
	at org.openqa.selenium.remote.HttpCommandExecutor.execute(HttpCommandExecutor.java:158)
	at org.openqa.selenium.remote.service.DriverCommandExecutor.execute(DriverCommandExecutor.java:83)
	at org.openqa.selenium.remote.RemoteWebDriver.execute(RemoteWebDriver.java:545)
	at org.openqa.selenium.remote.RemoteWebDriver.execute(RemoteWebDriver.java:602)
	at org.openqa.selenium.remote.RemoteWebDriver$RemoteTargetLocator.alert(RemoteWebDriver.java:931)
	at com.zeroWebAppSecurity.pages.PayBillsPage.getTextFromAlert(PayBillsPage.java:70)
	at com.zeroWebAppSecurity.test.ConvertCurrenciesTest.shouldNotBeAbleToConvertIfCurrencyIfNotSelected(ConvertCurrenciesTest.java:56)
	at java.base/jdk.internal.reflect.NativeMethodAccessorImpl.invoke0(Native Method)
	at java.base/jdk.internal.reflect.NativeMethodAccessorImpl.invoke(NativeMethodAccessorImpl.java:62)
	at java.base/jdk.internal.reflect.DelegatingMethodAccessorImpl.invoke(DelegatingMethodAccessorImpl.java:43)
	at java.base/java.lang.reflect.Method.invoke(Method.java:566)
	at org.testng.internal.MethodInvocationHelper.invokeMethod(MethodInvocationHelper.java:85)
	at org.testng.internal.Invoker.invokeMethod(Invoker.java:639)
	at org.testng.internal.Invoker.invokeTestMethod(Invoker.java:821)
	at org.testng.internal.Invoker.invokeTestMethods(Invoker.java:1131)
	at org.testng.internal.TestMethodWorker.invokeTestMethods(TestMethodWorker.java:125)
	at org.testng.internal.TestMethodWorker.run(TestMethodWorker.java:108)
	at org.testng.TestRunner.privateRun(TestRunner.java:773)
	at org.testng.TestRunner.run(TestRunner.java:623)
	at org.testng.SuiteRunner.runTest(SuiteRunner.java:357)
	at org.testng.SuiteRunner.runSequentially(SuiteRunner.java:352)
	at org.testng.SuiteRunner.privateRun(SuiteRunner.java:310)
	at org.testng.SuiteRunner.run(SuiteRunner.java:259)
	at org.testng.SuiteRunnerWorker.runSuite(SuiteRunnerWorker.java:52)
	at org.testng.SuiteRunnerWorker.run(SuiteRunnerWorker.java:86)
	at org.testng.TestNG.runSuitesSequentially(TestNG.java:1185)
	at org.testng.TestNG.runSuitesLocally(TestNG.java:1110)
	at org.testng.TestNG.run(TestNG.java:1018)
	at org.apache.maven.surefire.testng.TestNGExecutor.run(TestNGExecutor.java:135)
	at org.apache.maven.surefire.testng.TestNGDirectoryTestSuite.executeMulti(TestNGDirectoryTestSuite.java:193)
	at org.apache.maven.surefire.testng.TestNGDirectoryTestSuite.execute(TestNGDirectoryTestSuite.java:94)
	at org.apache.maven.surefire.testng.TestNGProvider.invoke(TestNGProvider.java:146)
	at org.apache.maven.surefire.booter.ForkedBooter.invokeProviderInSameClassLoader(ForkedBooter.java:386)
	at org.apache.maven.surefire.booter.ForkedBooter.runSuitesInProcess(ForkedBooter.java:323)
	at org.apache.maven.surefire.booter.ForkedBooter.main(ForkedBooter.java:143)
]]>
            </full-stacktrace>
          </exception> <!-- org.openqa.selenium.NoAlertPresentException -->
          <reporter-output>
          </reporter-output>
        </test-method> <!-- shouldNotBeAbleToConvertIfCurrencyIfNotSelected -->
        <test-method signature="shouldConvertCanadianDollarToUSDollar()[pri:0, instance:com.zeroWebAppSecurity.test.ConvertCurrenciesTest@5cdf39b2]" started-at="2020-01-24T14:16:02Z" name="shouldConvertCanadianDollarToUSDollar" finished-at="2020-01-24T14:16:02Z" duration-ms="383" status="PASS">
          <reporter-output>
          </reporter-output>
        </test-method> <!-- shouldConvertCanadianDollarToUSDollar -->
      </class> <!-- com.zeroWebAppSecurity.test.ConvertCurrenciesTest -->
    </test> <!-- Surefire test -->
  </suite> <!-- Surefire suite -->
</testng-results>
