<?xml version="1.0" encoding="UTF-8"?>
<!-- Generated by org.testng.reporters.JUnitReportReporter -->
<testsuite hostname="EN310300" failures="0" tests="2" name="com.zeroWebAppSecurity.test.AccountActivityModelTest" time="0.742" errors="1" timestamp="24 Jan 2020 13:16:10 GMT">
  <testcase classname="com.zeroWebAppSecurity.test.AccountActivityModelTest" name="shouldBeAbleToReadFromAccountActivityTable" time="0.742"/>
  <testcase classname="com.zeroWebAppSecurity.test.AccountActivityModelTest" name="shouldBeAbleToReadFromAccountActivityTableWithDataProvider" time="0.000">
    <error message="
Method public void com.zeroWebAppSecurity.test.AccountActivityModelTest.shouldBeAbleToReadFromAccountActivityTableWithDataProvider(java.lang.String) requires a @DataProvider named : accountActivityDataProvider in class com.zeroWebAppSecurity.Data.DataProviders.AccountAcitivityDataProvider" type="org.testng.TestNGException">
      <![CDATA[org.testng.TestNGException: 
Method public void com.zeroWebAppSecurity.test.AccountActivityModelTest.shouldBeAbleToReadFromAccountActivityTableWithDataProvider(java.lang.String) requires a @DataProvider named : accountActivityDataProvider in class com.zeroWebAppSecurity.Data.DataProviders.AccountAcitivityDataProvider
	at org.testng.internal.Parameters.findDataProvider(Parameters.java:263)
	at org.testng.internal.Parameters.handleParameters(Parameters.java:419)
	at org.testng.internal.Invoker.handleParameters(Invoker.java:1277)
	at org.testng.internal.Invoker.createParameters(Invoker.java:992)
	at org.testng.internal.Invoker.invokeTestMethods(Invoker.java:1082)
	at org.testng.internal.TestMethodWorker.invokeTestMethods(TestMethodWorker.java:125)
	at org.testng.internal.TestMethodWorker.run(TestMethodWorker.java:108)
	at org.testng.TestRunner.privateRun(TestRunner.java:773)
	at org.testng.TestRunner.run(TestRunner.java:623)
	at org.testng.SuiteRunner.runTest(SuiteRunner.java:357)
	at org.testng.SuiteRunner.runSequentially(SuiteRunner.java:352)
	at org.testng.SuiteRunner.privateRun(SuiteRunner.java:310)
	at org.testng.SuiteRunner.run(SuiteRunner.java:259)
	at org.testng.SuiteRunnerWorker.runSuite(SuiteRunnerWorker.java:52)
	at org.testng.SuiteRunnerWorker.run(SuiteRunnerWorker.java:86)
	at org.testng.TestNG.runSuitesSequentially(TestNG.java:1185)
	at org.testng.TestNG.runSuitesLocally(TestNG.java:1110)
	at org.testng.TestNG.run(TestNG.java:1018)
	at org.apache.maven.surefire.testng.TestNGExecutor.run(TestNGExecutor.java:135)
	at org.apache.maven.surefire.testng.TestNGDirectoryTestSuite.executeMulti(TestNGDirectoryTestSuite.java:193)
	at org.apache.maven.surefire.testng.TestNGDirectoryTestSuite.execute(TestNGDirectoryTestSuite.java:94)
	at org.apache.maven.surefire.testng.TestNGProvider.invoke(TestNGProvider.java:146)
	at org.apache.maven.surefire.booter.ForkedBooter.invokeProviderInSameClassLoader(ForkedBooter.java:386)
	at org.apache.maven.surefire.booter.ForkedBooter.runSuitesInProcess(ForkedBooter.java:323)
	at org.apache.maven.surefire.booter.ForkedBooter.main(ForkedBooter.java:143)
]]>
    </error>
  </testcase> <!-- shouldBeAbleToReadFromAccountActivityTableWithDataProvider -->
</testsuite> <!-- com.zeroWebAppSecurity.test.AccountActivityModelTest -->
